emcee: Exception while calling your likelihood function:
  params: [0.28688392 5.63297466]
  args: [array([[ 4.61172543e+05, -5.99868809e+04, -1.24591040e+05,
        -5.43763242e+04, -4.21050622e+04,  1.49492771e+05,
         4.87647586e+04, -2.09341046e+04],
       [-5.99868809e+04,  4.20841896e+05, -7.88194840e+04,
         7.38620858e+02, -2.38029691e+05, -5.80670661e+04,
        -3.49916579e+04,  4.53427357e+04],
       [-1.24591040e+05, -7.88194840e+04,  1.12575035e+06,
        -7.12204740e+05,  6.92454908e+05, -6.19474814e+05,
         1.01225268e+05, -3.28964863e+05],
       [-5.43763242e+04,  7.38620858e+02, -7.12204740e+05,
         1.50082542e+06, -8.56322618e+05,  5.88667972e+05,
        -2.59445669e+05,  2.22596055e+05],
       [-4.21050622e+04, -2.38029691e+05,  6.92454908e+05,
        -8.56322618e+05,  1.77492745e+06, -1.18755440e+06,
         1.72274401e+05, -4.05738406e+05],
       [ 1.49492771e+05, -5.80670661e+04, -6.19474814e+05,
         5.88667972e+05, -1.18755440e+06,  1.86073480e+06,
        -2.87375105e+05,  1.59566695e+05],
       [ 4.87647586e+04, -3.49916579e+04,  1.01225268e+05,
        -2.59445669e+05,  1.72274401e+05, -2.87375105e+05,
         7.50536542e+05, -2.86442273e+05],
       [-2.09341046e+04,  4.53427357e+04, -3.28964863e+05,
         2.22596055e+05, -4.05738406e+05,  1.59566695e+05,
        -2.86442273e+05,  7.85721973e+05]]), array([ 0.12542954,  0.18922183,  0.2854583 ,  0.43063973,  0.6496591 ,
        0.98006969,  1.47852402,  2.2304876 ,  3.36489287,  5.07624612,
        7.65797774, 11.55275406, 17.42837743, 26.29228826]), array([0.0121137 , 0.0085937 , 0.00561195, 0.00219174, 0.00246989,
       0.00216317, 0.00363906, 0.00194691, 0.00131365, 0.00351431,
       0.00179357, 0.00192779, 0.00093279, 0.00047714]), <halotools.empirical_models.factories.hod_model_factory.HodModelFactory object at 0x2b14f23ec2b0>, <halotools.sim_manager.cached_halo_catalog.CachedHaloCatalog object at 0x2b14d25a06d0>, array([ 0.1       ,  0.15085907,  0.22758459,  0.343332  ,  0.51794747,
        0.78137074,  1.17876863,  1.77827941,  2.6826958 ,  4.04708995,
        6.1054023 ,  9.21055318, 13.89495494, 20.96179992, 31.6227766 ]), 8]
  kwargs: {}
  exception:
exceptions must derive from BaseException
